01/03/2017 09:36:47 PM File Path:/mac/dolphin-tools/src
01/03/2017 09:36:47 PM WKEY:VQMfXYCw8H0lZCpLGbyZvwtSTYHvT5
01/03/2017 09:36:47 PM TYPE:dbSubmitJob
01/03/2017 09:36:47 PM DATA:username=docker&wkey=VQMfXYCw8H0lZCpLGbyZvwtSTYHvT5&servicename=stepCheck&result=1&func=insertJob&com=python+%2Fusr%2Flocal%2Fshare%2Fdolphin_tools%2Fsrc%2FrunJobs.py+-u+docker+-s+stepCheck+-k+VQMfXYCw8H0lZCpLGbyZvwtSTYHvT5+-o+%2Fexport%2Fgenome_data%2Fexample_run+-n+stepCheckcontrol_rep1.1+-c+%5C%22zcat+%2Fexport%2Fgenome_data%2Fprocess%2Fcontrol_rep1.1.fastq.gz++%3E+%2Fexport%2Fgenome_data%2Fexample_run%2Finput%2Fcontrol_rep1.1.fastq%5C%22+&jobnum=9225&resources=None&jobname=stepCheckcontrol_rep1.1
01/03/2017 09:36:48 PM File Path:/mac/dolphin-tools/src
01/03/2017 09:36:48 PM WKEY:VQMfXYCw8H0lZCpLGbyZvwtSTYHvT5
01/03/2017 09:36:48 PM TYPE:dbSetStartTime
01/03/2017 09:36:48 PM DATA:username=docker&wkey=VQMfXYCw8H0lZCpLGbyZvwtSTYHvT5&servicename=stepCheck&result=2&func=updateJob&field=start_time&jobnum=9225&jobname=stepCheckcontrol_rep1.1
01/03/2017 09:36:53 PM RESULT[0]:[true]
01/03/2017 09:36:53 PM RESULT[0]:[true]
01/03/2017 09:36:53 PM INSERTstepCheckcontrol_rep1.1:True
01/03/2017 09:36:53 PM UPDATEstepCheckcontrol_rep1.1:True
01/03/2017 09:36:53 PM 

Insert Job => SUBMIT JOB:
res:None wkey:VQMfXYCw8H0lZCpLGbyZvwtSTYHvT5 servicename:stepCheck jobnum:9225


01/03/2017 09:36:53 PM 

Update Job => START JOB:
res:None wkey:VQMfXYCw8H0lZCpLGbyZvwtSTYHvT5 servicename:stepCheck jobnum:9225


01/03/2017 09:36:53 PM DATA:username=docker&wkey=VQMfXYCw8H0lZCpLGbyZvwtSTYHvT5&servicename=stepCheck&func=checkAllJobsFinished
01/03/2017 09:36:53 PM DATA:username=docker&wkey=VQMfXYCw8H0lZCpLGbyZvwtSTYHvT5&servicename=stepCheck&func=checkAllJobsFinished
01/03/2017 09:36:58 PM RESULT[0]:[0]
01/03/2017 09:36:58 PM RESULT[0]:[0]
01/03/2017 09:36:58 PM stepCheck:0
01/03/2017 09:36:58 PM stepCheck:0
01/03/2017 09:36:58 PM 

Check if All JOBS finished
res:None wkey:VQMfXYCw8H0lZCpLGbyZvwtSTYHvT5 servicename:stepCheck
01/03/2017 09:36:58 PM 

Check if All JOBS finished
res:None wkey:VQMfXYCw8H0lZCpLGbyZvwtSTYHvT5 servicename:stepCheck
01/03/2017 09:36:58 PM File Path:/mac/dolphin-tools/src
01/03/2017 09:36:58 PM WKEY:VQMfXYCw8H0lZCpLGbyZvwtSTYHvT5
01/03/2017 09:36:58 PM TYPE:dbSetEndTime
01/03/2017 09:36:58 PM DATA:username=docker&wkey=VQMfXYCw8H0lZCpLGbyZvwtSTYHvT5&servicename=stepCheck&result=3&func=updateJob&field=end_time&jobnum=9225&jobname=stepCheckcontrol_rep1.1
01/03/2017 09:37:04 PM RESULT[0]:[true]
01/03/2017 09:37:04 PM UPDATEstepCheckcontrol_rep1.1:True
01/03/2017 09:37:04 PM 

Update Job => END JOB:
res:None wkey:VQMfXYCw8H0lZCpLGbyZvwtSTYHvT5 servicename:stepCheck jobnum:9225


01/03/2017 09:37:05 PM DATA:username=docker&wkey=VQMfXYCw8H0lZCpLGbyZvwtSTYHvT5&jobnum=9225&func=insertJobOut&jobout=zcat+%2Fexport%2Fgenome_data%2Fprocess%2Fcontrol_rep1.1.fastq.gz++%26gt%3B+%2Fexport%2Fgenome_data%2Fexample_run%2Finput%2Fcontrol_rep1.1.fastq%3Cbr%3EDATA%3Ausername%3Ddocker%26amp%3Bwkey%3DVQMfXYCw8H0lZCpLGbyZvwtSTYHvT5%26amp%3Bservicename%3DstepCheck%26amp%3Bresult%3D2%26amp%3Bfunc%3DupdateJob%26amp%3Bfield%3Dstart_time%26amp%3Bjobnum%3D9225%26amp%3Bjobname%3DstepCheckcontrol_rep1.1%3Cbr%3ERESULT%5B0%5D%3A%5Btrue%5D%3Cbr%3EDATA%3Ausername%3Ddocker%26amp%3Bwkey%3DVQMfXYCw8H0lZCpLGbyZvwtSTYHvT5%26amp%3Bservicename%3DstepCheck%26amp%3Bfunc%3DcheckAllJobsFinished%3Cbr%3ERESULT%5B0%5D%3A%5B0%5D%3Cbr%3E%5B0%5D
01/03/2017 09:37:06 PM RESULT[0]:[true]
01/03/2017 09:37:06 PM jobnum:9225:True
01/03/2017 09:37:06 PM DATA:username=docker&wkey=VQMfXYCw8H0lZCpLGbyZvwtSTYHvT5&servicename=stepCheck&func=checkAllJobsFinished
01/03/2017 09:37:11 PM RESULT[0]:[0]
01/03/2017 09:37:11 PM stepCheck:0
01/03/2017 09:37:11 PM 

Check if All JOBS finished
res:None wkey:VQMfXYCw8H0lZCpLGbyZvwtSTYHvT5 servicename:stepCheck
