01/03/2017 09:43:19 PM File Path:/mac/dolphin-ui/public/api
01/03/2017 09:43:19 PM WKEY:VQMfXYCw8H0lZCpLGbyZvwtSTYHvT5
01/03/2017 09:43:19 PM TYPE:dbSubmitJob
01/03/2017 09:43:19 PM DATA:username=docker&wkey=VQMfXYCw8H0lZCpLGbyZvwtSTYHvT5&servicename=stepSummary&result=1&func=insertJob&com=python+%2Fusr%2Flocal%2Fshare%2Fdolphin_tools%2Fsrc%2FrunJobs.py+-f+Localhost+-u+docker+-k+VQMfXYCw8H0lZCpLGbyZvwtSTYHvT5+-o+%2Fexport%2Fgenome_data%2Fexample_run+-c+%2Fexport%2Fgenome_data%2Fexample_run%2Fscripts%2FstepSummary.bash+-n+stepSummary+-s+stepSummary+&jobnum=9564&resources=None&jobname=stepSummary
01/03/2017 09:43:20 PM File Path:/mac/dolphin-tools/src
01/03/2017 09:43:20 PM WKEY:VQMfXYCw8H0lZCpLGbyZvwtSTYHvT5
01/03/2017 09:43:20 PM TYPE:dbSetStartTime
01/03/2017 09:43:20 PM DATA:username=docker&wkey=VQMfXYCw8H0lZCpLGbyZvwtSTYHvT5&servicename=stepSummary&result=2&func=updateJob&field=start_time&jobnum=9564&jobname=stepSummary
01/03/2017 09:43:25 PM RESULT[0]:[true]
01/03/2017 09:43:25 PM INSERTstepSummary:True
01/03/2017 09:43:25 PM 

Insert Job => SUBMIT JOB:
res:None wkey:VQMfXYCw8H0lZCpLGbyZvwtSTYHvT5 servicename:stepSummary jobnum:9564


01/03/2017 09:43:25 PM DATA:username=docker&wkey=VQMfXYCw8H0lZCpLGbyZvwtSTYHvT5&servicename=stepSummary&func=checkAllJobsFinished
01/03/2017 09:43:25 PM RESULT[0]:[true]
01/03/2017 09:43:25 PM UPDATEstepSummary:True
01/03/2017 09:43:25 PM 

Update Job => START JOB:
res:None wkey:VQMfXYCw8H0lZCpLGbyZvwtSTYHvT5 servicename:stepSummary jobnum:9564


01/03/2017 09:43:25 PM DATA:username=docker&wkey=VQMfXYCw8H0lZCpLGbyZvwtSTYHvT5&servicename=stepSummary&func=checkAllJobsFinished
01/03/2017 09:43:30 PM RESULT[0]:[0]
01/03/2017 09:43:30 PM stepSummary:0
01/03/2017 09:43:30 PM 

Check if All JOBS finished
res:None wkey:VQMfXYCw8H0lZCpLGbyZvwtSTYHvT5 servicename:stepSummary
01/03/2017 09:43:30 PM RESULT[0]:[0]
01/03/2017 09:43:30 PM stepSummary:0
01/03/2017 09:43:30 PM 

Check if All JOBS finished
res:None wkey:VQMfXYCw8H0lZCpLGbyZvwtSTYHvT5 servicename:stepSummary
01/03/2017 09:43:30 PM File Path:/mac/dolphin-tools/src
01/03/2017 09:43:30 PM WKEY:VQMfXYCw8H0lZCpLGbyZvwtSTYHvT5
01/03/2017 09:43:30 PM TYPE:dbSetEndTime
01/03/2017 09:43:30 PM DATA:username=docker&wkey=VQMfXYCw8H0lZCpLGbyZvwtSTYHvT5&servicename=stepSummary&result=3&func=updateJob&field=end_time&jobnum=9564&jobname=stepSummary
01/03/2017 09:43:36 PM RESULT[0]:[true]
01/03/2017 09:43:36 PM UPDATEstepSummary:True
01/03/2017 09:43:36 PM 

Update Job => END JOB:
res:None wkey:VQMfXYCw8H0lZCpLGbyZvwtSTYHvT5 servicename:stepSummary jobnum:9564


01/03/2017 09:43:36 PM DATA:username=docker&wkey=VQMfXYCw8H0lZCpLGbyZvwtSTYHvT5&jobnum=9564&func=insertJobOut&jobout=%2Fexport%2Fgenome_data%2Fexample_run%2Fscripts%2FstepSummary.bash%3Cbr%3EDATA%3Ausername%3Ddocker%26amp%3Bwkey%3DVQMfXYCw8H0lZCpLGbyZvwtSTYHvT5%26amp%3Bservicename%3DstepSummary%26amp%3Bresult%3D2%26amp%3Bfunc%3DupdateJob%26amp%3Bfield%3Dstart_time%26amp%3Bjobnum%3D9564%26amp%3Bjobname%3DstepSummary%3Cbr%3ERESULT%5B0%5D%3A%5Btrue%5D%3Cbr%3EDATA%3Ausername%3Ddocker%26amp%3Bwkey%3DVQMfXYCw8H0lZCpLGbyZvwtSTYHvT5%26amp%3Bservicename%3DstepSummary%26amp%3Bfunc%3DcheckAllJobsFinished%3Cbr%3ERESULT%5B0%5D%3A%5B0%5D%3Cbr%3Econtrol_rep1control_rep1cat+%2Fexport%2Fgenome_data%2Fexample_run%2Ftophat%2Fpipe.tophat.control_rep1%2A%2Falign_summary.txt+%7C+grep+%22Aligned+pairs%3A%22+%7C+awk+%22%7Bsum%2B%3D%243%7D+END+%7Bprint+sum%7D%22%3Cbr%3Ecat+%2Fexport%2Fgenome_data%2Fexample_run%2Ftophat%2Fpipe.tophat.control_rep1%2A%2Falign_summary.txt+%7C+grep+-A+1+%22Aligned+pairs%3A%22+%7C+awk+%22NR+%25+3+%3D%3D+2+%7Bsum%2B%3D%243%7D+END+%7Bprint+sum%7D%22%3Cbr%3E%5B0%5D
01/03/2017 09:43:37 PM RESULT[0]:[true]
01/03/2017 09:43:37 PM jobnum:9564:True
01/03/2017 09:43:37 PM DATA:username=docker&wkey=VQMfXYCw8H0lZCpLGbyZvwtSTYHvT5&servicename=stepSummary&func=checkAllJobsFinished
01/03/2017 09:43:43 PM RESULT[0]:[1]
01/03/2017 09:43:43 PM stepSummary:1
01/03/2017 09:43:43 PM 

Check if All JOBS finished
res:None wkey:VQMfXYCw8H0lZCpLGbyZvwtSTYHvT5 servicename:stepSummary
