01/03/2017 10:29:13 PM File Path:/mac/dolphin-ui/public/api
01/03/2017 10:29:13 PM WKEY:kGwU8f4YSSbSTNsMt3c57DRiqtqBFG
01/03/2017 10:29:13 PM TYPE:dbSubmitJob
01/03/2017 10:29:13 PM DATA:username=docker&wkey=kGwU8f4YSSbSTNsMt3c57DRiqtqBFG&servicename=stepTophat2&result=1&func=insertJob&com=python+%2Fusr%2Flocal%2Fshare%2Fdolphin_tools%2Fsrc%2FrunJobs.py+-f+Localhost+-u+docker+-k+kGwU8f4YSSbSTNsMt3c57DRiqtqBFG+-o+%2Fexport%2Fgenome_data%2Fexample_run+-c+%2Fexport%2Fgenome_data%2Fexample_run%2Fscripts%2FstepTophat2.bash+-n+stepTophat2+-s+stepTophat2+&jobnum=10197&resources=None&jobname=stepTophat2
01/03/2017 10:29:14 PM File Path:/mac/dolphin-tools/src
01/03/2017 10:29:14 PM WKEY:kGwU8f4YSSbSTNsMt3c57DRiqtqBFG
01/03/2017 10:29:14 PM TYPE:dbSetStartTime
01/03/2017 10:29:14 PM DATA:username=docker&wkey=kGwU8f4YSSbSTNsMt3c57DRiqtqBFG&servicename=stepTophat2&result=2&func=updateJob&field=start_time&jobnum=10197&jobname=stepTophat2
01/03/2017 10:29:19 PM RESULT[0]:[true]
01/03/2017 10:29:19 PM INSERTstepTophat2:True
01/03/2017 10:29:19 PM 

Insert Job => SUBMIT JOB:
res:None wkey:kGwU8f4YSSbSTNsMt3c57DRiqtqBFG servicename:stepTophat2 jobnum:10197


01/03/2017 10:29:19 PM DATA:username=docker&wkey=kGwU8f4YSSbSTNsMt3c57DRiqtqBFG&servicename=stepTophat2&func=checkAllJobsFinished
01/03/2017 10:29:19 PM RESULT[0]:[true]
01/03/2017 10:29:19 PM UPDATEstepTophat2:True
01/03/2017 10:29:19 PM 

Update Job => START JOB:
res:None wkey:kGwU8f4YSSbSTNsMt3c57DRiqtqBFG servicename:stepTophat2 jobnum:10197


01/03/2017 10:29:19 PM DATA:username=docker&wkey=kGwU8f4YSSbSTNsMt3c57DRiqtqBFG&servicename=stepTophat2&func=checkAllJobsFinished
01/03/2017 10:29:24 PM RESULT[0]:[0]
01/03/2017 10:29:24 PM stepTophat2:0
01/03/2017 10:29:24 PM 

Check if All JOBS finished
res:None wkey:kGwU8f4YSSbSTNsMt3c57DRiqtqBFG servicename:stepTophat2
01/03/2017 10:29:24 PM RESULT[0]:[0]
01/03/2017 10:29:24 PM stepTophat2:0
01/03/2017 10:29:24 PM 

Check if All JOBS finished
res:None wkey:kGwU8f4YSSbSTNsMt3c57DRiqtqBFG servicename:stepTophat2
01/03/2017 10:30:31 PM File Path:/mac/dolphin-tools/src
01/03/2017 10:30:31 PM WKEY:kGwU8f4YSSbSTNsMt3c57DRiqtqBFG
01/03/2017 10:30:31 PM TYPE:dbSetEndTime
01/03/2017 10:30:31 PM DATA:username=docker&wkey=kGwU8f4YSSbSTNsMt3c57DRiqtqBFG&servicename=stepTophat2&result=3&func=updateJob&field=end_time&jobnum=10197&jobname=stepTophat2
01/03/2017 10:30:37 PM RESULT[0]:[true]
01/03/2017 10:30:37 PM UPDATEstepTophat2:True
01/03/2017 10:30:37 PM 

Update Job => END JOB:
res:None wkey:kGwU8f4YSSbSTNsMt3c57DRiqtqBFG servicename:stepTophat2 jobnum:10197


01/03/2017 10:30:37 PM DATA:username=docker&wkey=kGwU8f4YSSbSTNsMt3c57DRiqtqBFG&jobnum=10197&func=insertJobOut&jobout=%2Fexport%2Fgenome_data%2Fexample_run%2Fscripts%2FstepTophat2.bash%3Cbr%3EDATA%3Ausername%3Ddocker%26amp%3Bwkey%3DkGwU8f4YSSbSTNsMt3c57DRiqtqBFG%26amp%3Bservicename%3DstepTophat2%26amp%3Bresult%3D2%26amp%3Bfunc%3DupdateJob%26amp%3Bfield%3Dstart_time%26amp%3Bjobnum%3D10197%26amp%3Bjobname%3DstepTophat2%3Cbr%3ERESULT%5B0%5D%3A%5Btrue%5D%3Cbr%3EDATA%3Ausername%3Ddocker%26amp%3Bwkey%3DkGwU8f4YSSbSTNsMt3c57DRiqtqBFG%26amp%3Bservicename%3DstepTophat2%26amp%3Bfunc%3DcheckAllJobsFinished%3Cbr%3ERESULT%5B0%5D%3A%5B0%5D%3Cbr%3ENONE%3Cbr%3E%2Fexport%2Fgenome_data%2Fexample_run%2Finput%2Fcontrol_rep1.1.fastq%3Cbr%3Epython+%2Fusr%2Flocal%2Fshare%2Fdolphin_tools%2Fsrc%2FrunJobs.py+-u+docker+-s+stepTophat2+-k+kGwU8f4YSSbSTNsMt3c57DRiqtqBFG+-o+%2Fexport%2Fgenome_data%2Fexample_run+-n+stepTophat2_control_rep1+-c+%22%2Fusr%2Flocal%2Fbin%2Fdolphin-bin%2Ftophat2_2.0.12%2Ftophat2+-p+4++--keep-tmp+-G+%2Fexport%2Fgenome_data%2Fmousetest%2Fmm10%2Fucsc.gtf++-o+%2Fexport%2Fgenome_data%2Fexample_run%2Ftophat%2Fpipe.tophat.control_rep1+%2Fexport%2Fgenome_data%2Fmousetest%2Fmm10%2Fmm10+%2Fexport%2Fgenome_data%2Fexample_run%2Finput%2Fcontrol_rep1.1.fastq+%2Fexport%2Fgenome_data%2Fexample_run%2Finput%2Fcontrol_rep1.2.fastq++%26amp%3B%26amp%3B+samtools+sort+%2Fexport%2Fgenome_data%2Fexample_run%2Ftophat%2Fpipe.tophat.control_rep1%2Faccepted_hits.bam+%2Fexport%2Fgenome_data%2Fexample_run%2Ftophat%2Fpipe.tophat.control_rep1%2Fcontrol_rep1.sorted++%26amp%3B%26amp%3B+samtools+index+%2Fexport%2Fgenome_data%2Fexample_run%2Ftophat%2Fpipe.tophat.control_rep1%2Fcontrol_rep1.sorted.bam+%22%3Cbr%3E%5B0%5D
01/03/2017 10:30:38 PM RESULT[0]:[true]
01/03/2017 10:30:38 PM jobnum:10197:True
01/03/2017 10:30:38 PM DATA:username=docker&wkey=kGwU8f4YSSbSTNsMt3c57DRiqtqBFG&servicename=stepTophat2&func=checkAllJobsFinished
01/03/2017 10:30:44 PM RESULT[0]:[1]
01/03/2017 10:30:44 PM stepTophat2:1
01/03/2017 10:30:44 PM 

Check if All JOBS finished
res:None wkey:kGwU8f4YSSbSTNsMt3c57DRiqtqBFG servicename:stepTophat2
