01/03/2017 09:36:12 PM File Path:/mac/dolphin-ui/public/api
01/03/2017 09:36:12 PM WKEY:VQMfXYCw8H0lZCpLGbyZvwtSTYHvT5
01/03/2017 09:36:12 PM TYPE:dbSubmitJob
01/03/2017 09:36:12 PM DATA:username=docker&wkey=VQMfXYCw8H0lZCpLGbyZvwtSTYHvT5&servicename=stepCheck&result=1&func=insertJob&com=python+%2Fusr%2Flocal%2Fshare%2Fdolphin_tools%2Fsrc%2FrunJobs.py+-f+Localhost+-u+docker+-k+VQMfXYCw8H0lZCpLGbyZvwtSTYHvT5+-o+%2Fexport%2Fgenome_data%2Fexample_run+-c+%2Fexport%2Fgenome_data%2Fexample_run%2Fscripts%2FstepCheck.bash+-n+stepCheck+-s+stepCheck+&jobnum=9176&resources=None&jobname=stepCheck
01/03/2017 09:36:13 PM File Path:/mac/dolphin-tools/src
01/03/2017 09:36:13 PM WKEY:VQMfXYCw8H0lZCpLGbyZvwtSTYHvT5
01/03/2017 09:36:13 PM TYPE:dbSetStartTime
01/03/2017 09:36:13 PM DATA:username=docker&wkey=VQMfXYCw8H0lZCpLGbyZvwtSTYHvT5&servicename=stepCheck&result=2&func=updateJob&field=start_time&jobnum=9176&jobname=stepCheck
01/03/2017 09:36:18 PM RESULT[0]:[true]
01/03/2017 09:36:18 PM INSERTstepCheck:True
01/03/2017 09:36:18 PM 

Insert Job => SUBMIT JOB:
res:None wkey:VQMfXYCw8H0lZCpLGbyZvwtSTYHvT5 servicename:stepCheck jobnum:9176


01/03/2017 09:36:18 PM DATA:username=docker&wkey=VQMfXYCw8H0lZCpLGbyZvwtSTYHvT5&servicename=stepCheck&func=checkAllJobsFinished
01/03/2017 09:36:18 PM RESULT[0]:[true]
01/03/2017 09:36:18 PM UPDATEstepCheck:True
01/03/2017 09:36:18 PM 

Update Job => START JOB:
res:None wkey:VQMfXYCw8H0lZCpLGbyZvwtSTYHvT5 servicename:stepCheck jobnum:9176


01/03/2017 09:36:18 PM DATA:username=docker&wkey=VQMfXYCw8H0lZCpLGbyZvwtSTYHvT5&servicename=stepCheck&func=checkAllJobsFinished
01/03/2017 09:36:23 PM RESULT[0]:[0]
01/03/2017 09:36:23 PM stepCheck:0
01/03/2017 09:36:23 PM 

Check if All JOBS finished
res:None wkey:VQMfXYCw8H0lZCpLGbyZvwtSTYHvT5 servicename:stepCheck
01/03/2017 09:36:23 PM RESULT[0]:[0]
01/03/2017 09:36:23 PM stepCheck:0
01/03/2017 09:36:23 PM 

Check if All JOBS finished
res:None wkey:VQMfXYCw8H0lZCpLGbyZvwtSTYHvT5 servicename:stepCheck
01/03/2017 09:37:11 PM File Path:/mac/dolphin-tools/src
01/03/2017 09:37:11 PM WKEY:VQMfXYCw8H0lZCpLGbyZvwtSTYHvT5
01/03/2017 09:37:11 PM TYPE:dbSetEndTime
01/03/2017 09:37:11 PM DATA:username=docker&wkey=VQMfXYCw8H0lZCpLGbyZvwtSTYHvT5&servicename=stepCheck&result=3&func=updateJob&field=end_time&jobnum=9176&jobname=stepCheck
01/03/2017 09:37:17 PM RESULT[0]:[true]
01/03/2017 09:37:17 PM UPDATEstepCheck:True
01/03/2017 09:37:17 PM 

Update Job => END JOB:
res:None wkey:VQMfXYCw8H0lZCpLGbyZvwtSTYHvT5 servicename:stepCheck jobnum:9176


01/03/2017 09:37:17 PM DATA:username=docker&wkey=VQMfXYCw8H0lZCpLGbyZvwtSTYHvT5&jobnum=9176&func=insertJobOut&jobout=%2Fexport%2Fgenome_data%2Fexample_run%2Fscripts%2FstepCheck.bash%3Cbr%3EDATA%3Ausername%3Ddocker%26amp%3Bwkey%3DVQMfXYCw8H0lZCpLGbyZvwtSTYHvT5%26amp%3Bservicename%3DstepCheck%26amp%3Bresult%3D2%26amp%3Bfunc%3DupdateJob%26amp%3Bfield%3Dstart_time%26amp%3Bjobnum%3D9176%26amp%3Bjobname%3DstepCheck%3Cbr%3ERESULT%5B0%5D%3A%5Btrue%5D%3Cbr%3EDATA%3Ausername%3Ddocker%26amp%3Bwkey%3DVQMfXYCw8H0lZCpLGbyZvwtSTYHvT5%26amp%3Bservicename%3DstepCheck%26amp%3Bfunc%3DcheckAllJobsFinished%3Cbr%3ERESULT%5B0%5D%3A%5B0%5D%3Cbr%3Econtrol_rep1%2C%2Fexport%2Fgenome_data%2Fprocess%2Fcontrol_rep1.1.fastq.gz%2C%2Fexport%2Fgenome_data%2Fprocess%2Fcontrol_rep1.2.fastq.gz%3Cbr%3ELibname%3A%5Bcontrol_rep1%5D%3Cbr%3E%5B%2Fexport%2Fgenome_data%2Fprocess%2Fcontrol_rep1.1.fastq.gz%5D%3Cbr%3E%2Fexport%2Fgenome_data%2Fexample_run%2Ftmp%2Ftrack%2FstepCheckcontrol_rep1.1.success%3Cbr%3E%5B%2Fexport%2Fgenome_data%2Fprocess%2Fcontrol_rep1.2.fastq.gz%5D%3Cbr%3E%2Fexport%2Fgenome_data%2Fexample_run%2Ftmp%2Ftrack%2FstepCheckcontrol_rep1.2.success%3Cbr%3ECOMMAND%3A+%5B+zcat+%2Fexport%2Fgenome_data%2Fprocess%2Fcontrol_rep1.2.fastq.gz++%26gt%3B+%2Fexport%2Fgenome_data%2Fexample_run%2Finput%2Fcontrol_rep1.2.fastq+%5D%3Cbr%3E%3Cbr%3Epython+%2Fusr%2Flocal%2Fshare%2Fdolphin_tools%2Fsrc%2FrunJobs.py+-u+docker+-s+stepCheck+-k+VQMfXYCw8H0lZCpLGbyZvwtSTYHvT5+-o+%2Fexport%2Fgenome_data%2Fexample_run+-n+stepCheckcontrol_rep1.2+-c+%22zcat+%2Fexport%2Fgenome_data%2Fprocess%2Fcontrol_rep1.2.fastq.gz++%26gt%3B+%2Fexport%2Fgenome_data%2Fexample_run%2Finput%2Fcontrol_rep1.2.fastq%22%3Cbr%3E%3Cbr%3ECOMMAND%3A+%5B+zcat+%2Fexport%2Fgenome_data%2Fprocess%2Fcontrol_rep1.1.fastq.gz++%26gt%3B+%2Fexport%2Fgenome_data%2Fexample_run%2Finput%2Fcontrol_rep1.1.fastq+%5D%3Cbr%3E%3Cbr%3Epython+%2Fusr%2Flocal%2Fshare%2Fdolphin_tools%2Fsrc%2FrunJobs.py+-u+docker+-s+stepCheck+-k+VQMfXYCw8H0lZCpLGbyZvwtSTYHvT5+-o+%2Fexport%2Fgenome_data%2Fexample_run+-n+stepCheckcontrol_rep1.1+-c+%22zcat+%2Fexport%2Fgenome_data%2Fprocess%2Fcontrol_rep1.1.fastq.gz++%26gt%3B+%2Fexport%2Fgenome_data%2Fexample_run%2Finput%2Fcontrol_rep1.1.fastq%22%3Cbr%3E%3Cbr%3E%5B0%5D
01/03/2017 09:37:18 PM RESULT[0]:[true]
01/03/2017 09:37:18 PM jobnum:9176:True
01/03/2017 09:37:18 PM DATA:username=docker&wkey=VQMfXYCw8H0lZCpLGbyZvwtSTYHvT5&servicename=stepCheck&func=checkAllJobsFinished
01/03/2017 09:37:24 PM RESULT[0]:[1]
01/03/2017 09:37:24 PM stepCheck:1
01/03/2017 09:37:24 PM 

Check if All JOBS finished
res:None wkey:VQMfXYCw8H0lZCpLGbyZvwtSTYHvT5 servicename:stepCheck
