01/03/2017 10:29:24 PM File Path:/mac/dolphin-tools/src
01/03/2017 10:29:24 PM WKEY:kGwU8f4YSSbSTNsMt3c57DRiqtqBFG
01/03/2017 10:29:24 PM TYPE:dbSubmitJob
01/03/2017 10:29:24 PM DATA:username=docker&wkey=kGwU8f4YSSbSTNsMt3c57DRiqtqBFG&servicename=stepTophat2&result=1&func=insertJob&com=python+%2Fusr%2Flocal%2Fshare%2Fdolphin_tools%2Fsrc%2FrunJobs.py+-u+docker+-s+stepTophat2+-k+kGwU8f4YSSbSTNsMt3c57DRiqtqBFG+-o+%2Fexport%2Fgenome_data%2Fexample_run+-n+stepTophat2_control_rep1+-c+%5C%22%2Fusr%2Flocal%2Fbin%2Fdolphin-bin%2Ftophat2_2.0.12%2Ftophat2+-p+4++--keep-tmp+-G+%2Fexport%2Fgenome_data%2Fmousetest%2Fmm10%2Fucsc.gtf++-o+%2Fexport%2Fgenome_data%2Fexample_run%2Ftophat%2Fpipe.tophat.control_rep1+%2Fexport%2Fgenome_data%2Fmousetest%2Fmm10%2Fmm10+%2Fexport%2Fgenome_data%2Fexample_run%2Finput%2Fcontrol_rep1.1.fastq+%2Fexport%2Fgenome_data%2Fexample_run%2Finput%2Fcontrol_rep1.2.fastq++%26%26+samtools+sort+%2Fexport%2Fgenome_data%2Fexample_run%2Ftophat%2Fpipe.tophat.control_rep1%2Faccepted_hits.bam+%2Fexport%2Fgenome_data%2Fexample_run%2Ftophat%2Fpipe.tophat.control_rep1%2Fcontrol_rep1.sorted++%26%26+samtools+index+%2Fexport%2Fgenome_data%2Fexample_run%2Ftophat%2Fpipe.tophat.control_rep1%2Fcontrol_rep1.sorted.bam+%5C%22+&jobnum=10229&resources=None&jobname=stepTophat2_control_rep1
01/03/2017 10:29:25 PM File Path:/mac/dolphin-tools/src
01/03/2017 10:29:25 PM WKEY:kGwU8f4YSSbSTNsMt3c57DRiqtqBFG
01/03/2017 10:29:25 PM TYPE:dbSetStartTime
01/03/2017 10:29:25 PM DATA:username=docker&wkey=kGwU8f4YSSbSTNsMt3c57DRiqtqBFG&servicename=stepTophat2&result=2&func=updateJob&field=start_time&jobnum=10229&jobname=stepTophat2_control_rep1
01/03/2017 10:29:30 PM RESULT[0]:[true]
01/03/2017 10:29:30 PM INSERTstepTophat2_control_rep1:True
01/03/2017 10:29:30 PM 

Insert Job => SUBMIT JOB:
res:None wkey:kGwU8f4YSSbSTNsMt3c57DRiqtqBFG servicename:stepTophat2 jobnum:10229


01/03/2017 10:29:30 PM DATA:username=docker&wkey=kGwU8f4YSSbSTNsMt3c57DRiqtqBFG&servicename=stepTophat2&func=checkAllJobsFinished
01/03/2017 10:29:30 PM RESULT[0]:[true]
01/03/2017 10:29:30 PM UPDATEstepTophat2_control_rep1:True
01/03/2017 10:29:30 PM 

Update Job => START JOB:
res:None wkey:kGwU8f4YSSbSTNsMt3c57DRiqtqBFG servicename:stepTophat2 jobnum:10229


01/03/2017 10:29:30 PM DATA:username=docker&wkey=kGwU8f4YSSbSTNsMt3c57DRiqtqBFG&servicename=stepTophat2&func=checkAllJobsFinished
01/03/2017 10:29:35 PM RESULT[0]:[0]
01/03/2017 10:29:35 PM RESULT[0]:[0]
01/03/2017 10:29:35 PM stepTophat2:0
01/03/2017 10:29:35 PM stepTophat2:0
01/03/2017 10:29:35 PM 

Check if All JOBS finished
res:None wkey:kGwU8f4YSSbSTNsMt3c57DRiqtqBFG servicename:stepTophat2
01/03/2017 10:29:35 PM 

Check if All JOBS finished
res:None wkey:kGwU8f4YSSbSTNsMt3c57DRiqtqBFG servicename:stepTophat2
01/03/2017 10:30:19 PM File Path:/mac/dolphin-tools/src
01/03/2017 10:30:19 PM WKEY:kGwU8f4YSSbSTNsMt3c57DRiqtqBFG
01/03/2017 10:30:19 PM TYPE:dbSetEndTime
01/03/2017 10:30:19 PM DATA:username=docker&wkey=kGwU8f4YSSbSTNsMt3c57DRiqtqBFG&servicename=stepTophat2&result=3&func=updateJob&field=end_time&jobnum=10229&jobname=stepTophat2_control_rep1
01/03/2017 10:30:25 PM RESULT[0]:[true]
01/03/2017 10:30:25 PM UPDATEstepTophat2_control_rep1:True
01/03/2017 10:30:25 PM 

Update Job => END JOB:
res:None wkey:kGwU8f4YSSbSTNsMt3c57DRiqtqBFG servicename:stepTophat2 jobnum:10229


01/03/2017 10:30:25 PM DATA:username=docker&wkey=kGwU8f4YSSbSTNsMt3c57DRiqtqBFG&jobnum=10229&func=insertJobOut&jobout=%2Fusr%2Flocal%2Fbin%2Fdolphin-bin%2Ftophat2_2.0.12%2Ftophat2+-p+4++--keep-tmp+-G+%2Fexport%2Fgenome_data%2Fmousetest%2Fmm10%2Fucsc.gtf++-o+%2Fexport%2Fgenome_data%2Fexample_run%2Ftophat%2Fpipe.tophat.control_rep1+%2Fexport%2Fgenome_data%2Fmousetest%2Fmm10%2Fmm10+%2Fexport%2Fgenome_data%2Fexample_run%2Finput%2Fcontrol_rep1.1.fastq+%2Fexport%2Fgenome_data%2Fexample_run%2Finput%2Fcontrol_rep1.2.fastq++%26amp%3B%26amp%3B+samtools+sort+%2Fexport%2Fgenome_data%2Fexample_run%2Ftophat%2Fpipe.tophat.control_rep1%2Faccepted_hits.bam+%2Fexport%2Fgenome_data%2Fexample_run%2Ftophat%2Fpipe.tophat.control_rep1%2Fcontrol_rep1.sorted++%26amp%3B%26amp%3B+samtools+index+%2Fexport%2Fgenome_data%2Fexample_run%2Ftophat%2Fpipe.tophat.control_rep1%2Fcontrol_rep1.sorted.bam%3Cbr%3EDATA%3Ausername%3Ddocker%26amp%3Bwkey%3DkGwU8f4YSSbSTNsMt3c57DRiqtqBFG%26amp%3Bservicename%3DstepTophat2%26amp%3Bresult%3D2%26amp%3Bfunc%3DupdateJob%26amp%3Bfield%3Dstart_time%26amp%3Bjobnum%3D10229%26amp%3Bjobname%3DstepTophat2_control_rep1%3Cbr%3ERESULT%5B0%5D%3A%5Btrue%5D%3Cbr%3EDATA%3Ausername%3Ddocker%26amp%3Bwkey%3DkGwU8f4YSSbSTNsMt3c57DRiqtqBFG%26amp%3Bservicename%3DstepTophat2%26amp%3Bfunc%3DcheckAllJobsFinished%3Cbr%3ERESULT%5B0%5D%3A%5B0%5D%3Cbr%3E%3Cbr%3E%5B2017-01-03+22%3A29%3A35%5D+Beginning+TopHat+run+%28v2.0.12%29%3Cbr%3E-----------------------------------------------%3Cbr%3E%5B2017-01-03+22%3A29%3A35%5D+Checking+for+Bowtie%3Cbr%3E%26nbsp%3B%26nbsp%3B%26nbsp%3B%26nbsp%3B%26nbsp%3B%26nbsp%3B%26nbsp%3B%26nbsp%3B%26nbsp%3B%26nbsp%3BBowtie+version%3A%09+2.2.3.0%3Cbr%3E%5B2017-01-03+22%3A29%3A36%5D+Checking+for+Samtools%3Cbr%3E%26nbsp%3B%26nbsp%3B%26nbsp%3B%26nbsp%3B%26nbsp%3B%26nbsp%3B%26nbsp%3B%26nbsp%3BSamtools+version%3A%09+0.1.19.0%3Cbr%3E%5B2017-01-03+22%3A29%3A36%5D+Checking+for+Bowtie+index+files+%28genome%29..%3Cbr%3E%26nbsp%3B%26nbsp%3B%26nbsp%3B%26nbsp%3BFound+both+Bowtie1+and+Bowtie2+indexes.%3Cbr%3E%5B2017-01-03+22%3A29%3A36%5D+Checking+for+reference+FASTA+file%3Cbr%3E%5B2017-01-03+22%3A29%3A36%5D+Generating+SAM+header+for+%2Fexport%2Fgenome_data%2Fmousetest%2Fmm10%2Fmm10%3Cbr%3E%5B2017-01-03+22%3A29%3A36%5D+Reading+known+junctions+from+GTF+file%3Cbr%3E%5B2017-01-03+22%3A29%3A36%5D+Preparing+reads%3Cbr%3E%26nbsp%3B%26nbsp%3B%26nbsp%3B%26nbsp%3B%26nbsp%3Bleft+reads%3A+min.+length%3D40%2C+max.+length%3D40%2C+24788+kept+reads+%280+discarded%29%3Cbr%3E%26nbsp%3B%26nbsp%3B%26nbsp%3B%26nbsp%3Bright+reads%3A+min.+length%3D40%2C+max.+length%3D40%2C+24788+kept+reads+%280+discarded%29%3Cbr%3E...%3Cbr%3E%3Cbr%3E%26nbsp%3B%26nbsp%3B%26nbsp%3B%26nbsp%3Bwe+strongly+recommend+that+you+decrease+--segment-length+to+about+half+the+read+length+because+TopHat+will+work+better+with+multiple+segments%3Cbr%3E%5B2017-01-03+22%3A29%3A58%5D+Mapping+left_kept_reads.m2g_um+to+genome+mm10+with+Bowtie2%3Cbr%3E%5B2017-01-03+22%3A29%3A59%5D+Mapping+right_kept_reads.m2g_um+to+genome+mm10+with+Bowtie2%3Cbr%3E%5B2017-01-03+22%3A29%3A59%5D+Searching+for+junctions+via+segment+mapping%3Cbr%3E%26nbsp%3B%26nbsp%3B%26nbsp%3B%26nbsp%3BCoverage-search+algorithm+is+turned+on%2C+making+this+step+very+slow%3Cbr%3E%26nbsp%3B%26nbsp%3B%26nbsp%3B%26nbsp%3BPlease+try+running+TopHat+again+with+the+option+%28--no-coverage-search%29+if+this+step+takes+too+much+time+or+memory.%3Cbr%3E%5B2017-01-03+22%3A30%3A02%5D+Retrieving+sequences+for+splices%3Cbr%3E%5B2017-01-03+22%3A30%3A07%5D+Indexing+splices%3Cbr%3EBuilding+a+SMALL+index%3Cbr%3EWarning%3A+Encountered+reference+sequence+with+only+gaps%3Cbr%3EWarning%3A+Encountered+reference+sequence+with+only+gaps%3Cbr%3E%5B2017-01-03+22%3A30%3A11%5D+Mapping+left_kept_reads.m2g_um_unmapped+to+genome+segment_juncs+with+Bowtie2+%281%2F1%29%3Cbr%3E%5B2017-01-03+22%3A30%3A12%5D+Joining+segment+hits%3Cbr%3E%5B2017-01-03+22%3A30%3A13%5D+Mapping+right_kept_reads.m2g_um_unmapped+to+genome+segment_juncs+with+Bowtie2+%281%2F1%29%3Cbr%3E%5B2017-01-03+22%3A30%3A14%5D+Joining+segment+hits%3Cbr%3E%5B2017-01-03+22%3A30%3A15%5D+Reporting+output+tracks%3Cbr%3E-----------------------------------------------%3Cbr%3E%5B2017-01-03+22%3A30%3A19%5D+A+summary+of+the+alignment+counts+can+be+found+in+%2Fexport%2Fgenome_data%2Fexample_run%2Ftophat%2Fpipe.tophat.control_rep1%2Falign_summary.txt%3Cbr%3E%5B2017-01-03+22%3A30%3A19%5D+Run+complete%3A+00%3A00%3A43+elapsed%3Cbr%3E%5B0%5D
01/03/2017 10:30:26 PM RESULT[0]:[true]
01/03/2017 10:30:26 PM jobnum:10229:True
01/03/2017 10:30:26 PM DATA:username=docker&wkey=kGwU8f4YSSbSTNsMt3c57DRiqtqBFG&servicename=stepTophat2&func=checkAllJobsFinished
01/03/2017 10:30:31 PM RESULT[0]:[0]
01/03/2017 10:30:31 PM stepTophat2:0
01/03/2017 10:30:31 PM 

Check if All JOBS finished
res:None wkey:kGwU8f4YSSbSTNsMt3c57DRiqtqBFG servicename:stepTophat2
