01/03/2017 10:33:41 PM File Path:/mac/dolphin-ui/public/api
01/03/2017 10:33:41 PM WKEY:kGwU8f4YSSbSTNsMt3c57DRiqtqBFG
01/03/2017 10:33:41 PM TYPE:dbSubmitJob
01/03/2017 10:33:41 PM DATA:username=docker&wkey=kGwU8f4YSSbSTNsMt3c57DRiqtqBFG&servicename=stepAlignmentCounttophat&result=1&func=insertJob&com=python+%2Fusr%2Flocal%2Fshare%2Fdolphin_tools%2Fsrc%2FrunJobs.py+-f+Localhost+-u+docker+-k+kGwU8f4YSSbSTNsMt3c57DRiqtqBFG+-o+%2Fexport%2Fgenome_data%2Fexample_run+-c+%2Fexport%2Fgenome_data%2Fexample_run%2Fscripts%2FstepAlignmentCounttophat.bash+-n+stepAlignmentCounttophat+-s+stepAlignmentCounttophat+&jobnum=10440&resources=None&jobname=stepAlignmentCounttophat
01/03/2017 10:33:42 PM File Path:/mac/dolphin-tools/src
01/03/2017 10:33:42 PM WKEY:kGwU8f4YSSbSTNsMt3c57DRiqtqBFG
01/03/2017 10:33:42 PM TYPE:dbSetStartTime
01/03/2017 10:33:42 PM DATA:username=docker&wkey=kGwU8f4YSSbSTNsMt3c57DRiqtqBFG&servicename=stepAlignmentCounttophat&result=2&func=updateJob&field=start_time&jobnum=10440&jobname=stepAlignmentCounttophat
01/03/2017 10:33:47 PM RESULT[0]:[true]
01/03/2017 10:33:47 PM INSERTstepAlignmentCounttophat:True
01/03/2017 10:33:47 PM 

Insert Job => SUBMIT JOB:
res:None wkey:kGwU8f4YSSbSTNsMt3c57DRiqtqBFG servicename:stepAlignmentCounttophat jobnum:10440


01/03/2017 10:33:47 PM DATA:username=docker&wkey=kGwU8f4YSSbSTNsMt3c57DRiqtqBFG&servicename=stepAlignmentCounttophat&func=checkAllJobsFinished
01/03/2017 10:33:47 PM RESULT[0]:[true]
01/03/2017 10:33:47 PM UPDATEstepAlignmentCounttophat:True
01/03/2017 10:33:47 PM 

Update Job => START JOB:
res:None wkey:kGwU8f4YSSbSTNsMt3c57DRiqtqBFG servicename:stepAlignmentCounttophat jobnum:10440


01/03/2017 10:33:47 PM DATA:username=docker&wkey=kGwU8f4YSSbSTNsMt3c57DRiqtqBFG&servicename=stepAlignmentCounttophat&func=checkAllJobsFinished
01/03/2017 10:33:52 PM RESULT[0]:[0]
01/03/2017 10:33:52 PM stepAlignmentCounttophat:0
01/03/2017 10:33:52 PM 

Check if All JOBS finished
res:None wkey:kGwU8f4YSSbSTNsMt3c57DRiqtqBFG servicename:stepAlignmentCounttophat
01/03/2017 10:33:52 PM RESULT[0]:[0]
01/03/2017 10:33:52 PM stepAlignmentCounttophat:0
01/03/2017 10:33:52 PM 

Check if All JOBS finished
res:None wkey:kGwU8f4YSSbSTNsMt3c57DRiqtqBFG servicename:stepAlignmentCounttophat
01/03/2017 10:33:53 PM File Path:/mac/dolphin-tools/src
01/03/2017 10:33:53 PM WKEY:kGwU8f4YSSbSTNsMt3c57DRiqtqBFG
01/03/2017 10:33:53 PM TYPE:dbSetEndTime
01/03/2017 10:33:53 PM DATA:username=docker&wkey=kGwU8f4YSSbSTNsMt3c57DRiqtqBFG&servicename=stepAlignmentCounttophat&result=3&func=updateJob&field=end_time&jobnum=10440&jobname=stepAlignmentCounttophat
01/03/2017 10:33:59 PM RESULT[0]:[true]
01/03/2017 10:33:59 PM UPDATEstepAlignmentCounttophat:True
01/03/2017 10:33:59 PM 

Update Job => END JOB:
res:None wkey:kGwU8f4YSSbSTNsMt3c57DRiqtqBFG servicename:stepAlignmentCounttophat jobnum:10440


01/03/2017 10:33:59 PM DATA:username=docker&wkey=kGwU8f4YSSbSTNsMt3c57DRiqtqBFG&jobnum=10440&func=insertJobOut&jobout=%2Fexport%2Fgenome_data%2Fexample_run%2Fscripts%2FstepAlignmentCounttophat.bash%3Cbr%3EDATA%3Ausername%3Ddocker%26amp%3Bwkey%3DkGwU8f4YSSbSTNsMt3c57DRiqtqBFG%26amp%3Bservicename%3DstepAlignmentCounttophat%26amp%3Bresult%3D2%26amp%3Bfunc%3DupdateJob%26amp%3Bfield%3Dstart_time%26amp%3Bjobnum%3D10440%26amp%3Bjobname%3DstepAlignmentCounttophat%3Cbr%3ERESULT%5B0%5D%3A%5Btrue%5D%3Cbr%3EDATA%3Ausername%3Ddocker%26amp%3Bwkey%3DkGwU8f4YSSbSTNsMt3c57DRiqtqBFG%26amp%3Bservicename%3DstepAlignmentCounttophat%26amp%3Bfunc%3DcheckAllJobsFinished%3Cbr%3ERESULT%5B0%5D%3A%5B0%5D%3Cbr%3E%5B0%5D
01/03/2017 10:34:00 PM RESULT[0]:[true]
01/03/2017 10:34:00 PM jobnum:10440:True
01/03/2017 10:34:00 PM DATA:username=docker&wkey=kGwU8f4YSSbSTNsMt3c57DRiqtqBFG&servicename=stepAlignmentCounttophat&func=checkAllJobsFinished
01/03/2017 10:34:06 PM RESULT[0]:[1]
01/03/2017 10:34:06 PM stepAlignmentCounttophat:1
01/03/2017 10:34:06 PM 

Check if All JOBS finished
res:None wkey:kGwU8f4YSSbSTNsMt3c57DRiqtqBFG servicename:stepAlignmentCounttophat
