01/03/2017 09:42:23 PM File Path:/mac/dolphin-ui/public/api
01/03/2017 09:42:23 PM WKEY:VQMfXYCw8H0lZCpLGbyZvwtSTYHvT5
01/03/2017 09:42:23 PM TYPE:dbSubmitJob
01/03/2017 09:42:23 PM DATA:username=docker&wkey=VQMfXYCw8H0lZCpLGbyZvwtSTYHvT5&servicename=stepAlignmentCounttophat&result=1&func=insertJob&com=python+%2Fusr%2Flocal%2Fshare%2Fdolphin_tools%2Fsrc%2FrunJobs.py+-f+Localhost+-u+docker+-k+VQMfXYCw8H0lZCpLGbyZvwtSTYHvT5+-o+%2Fexport%2Fgenome_data%2Fexample_run+-c+%2Fexport%2Fgenome_data%2Fexample_run%2Fscripts%2FstepAlignmentCounttophat.bash+-n+stepAlignmentCounttophat+-s+stepAlignmentCounttophat+&jobnum=9512&resources=None&jobname=stepAlignmentCounttophat
01/03/2017 09:42:24 PM File Path:/mac/dolphin-tools/src
01/03/2017 09:42:24 PM WKEY:VQMfXYCw8H0lZCpLGbyZvwtSTYHvT5
01/03/2017 09:42:24 PM TYPE:dbSetStartTime
01/03/2017 09:42:24 PM DATA:username=docker&wkey=VQMfXYCw8H0lZCpLGbyZvwtSTYHvT5&servicename=stepAlignmentCounttophat&result=2&func=updateJob&field=start_time&jobnum=9512&jobname=stepAlignmentCounttophat
01/03/2017 09:42:29 PM RESULT[0]:[true]
01/03/2017 09:42:29 PM INSERTstepAlignmentCounttophat:True
01/03/2017 09:42:29 PM 

Insert Job => SUBMIT JOB:
res:None wkey:VQMfXYCw8H0lZCpLGbyZvwtSTYHvT5 servicename:stepAlignmentCounttophat jobnum:9512


01/03/2017 09:42:29 PM DATA:username=docker&wkey=VQMfXYCw8H0lZCpLGbyZvwtSTYHvT5&servicename=stepAlignmentCounttophat&func=checkAllJobsFinished
01/03/2017 09:42:29 PM RESULT[0]:[true]
01/03/2017 09:42:29 PM UPDATEstepAlignmentCounttophat:True
01/03/2017 09:42:29 PM 

Update Job => START JOB:
res:None wkey:VQMfXYCw8H0lZCpLGbyZvwtSTYHvT5 servicename:stepAlignmentCounttophat jobnum:9512


01/03/2017 09:42:29 PM DATA:username=docker&wkey=VQMfXYCw8H0lZCpLGbyZvwtSTYHvT5&servicename=stepAlignmentCounttophat&func=checkAllJobsFinished
01/03/2017 09:42:34 PM RESULT[0]:[0]
01/03/2017 09:42:34 PM stepAlignmentCounttophat:0
01/03/2017 09:42:34 PM 

Check if All JOBS finished
res:None wkey:VQMfXYCw8H0lZCpLGbyZvwtSTYHvT5 servicename:stepAlignmentCounttophat
01/03/2017 09:42:34 PM RESULT[0]:[0]
01/03/2017 09:42:34 PM stepAlignmentCounttophat:0
01/03/2017 09:42:34 PM 

Check if All JOBS finished
res:None wkey:VQMfXYCw8H0lZCpLGbyZvwtSTYHvT5 servicename:stepAlignmentCounttophat
01/03/2017 09:42:34 PM File Path:/mac/dolphin-tools/src
01/03/2017 09:42:34 PM WKEY:VQMfXYCw8H0lZCpLGbyZvwtSTYHvT5
01/03/2017 09:42:34 PM TYPE:dbSetEndTime
01/03/2017 09:42:34 PM DATA:username=docker&wkey=VQMfXYCw8H0lZCpLGbyZvwtSTYHvT5&servicename=stepAlignmentCounttophat&result=3&func=updateJob&field=end_time&jobnum=9512&jobname=stepAlignmentCounttophat
01/03/2017 09:42:40 PM RESULT[0]:[true]
01/03/2017 09:42:40 PM UPDATEstepAlignmentCounttophat:True
01/03/2017 09:42:40 PM 

Update Job => END JOB:
res:None wkey:VQMfXYCw8H0lZCpLGbyZvwtSTYHvT5 servicename:stepAlignmentCounttophat jobnum:9512


01/03/2017 09:42:40 PM DATA:username=docker&wkey=VQMfXYCw8H0lZCpLGbyZvwtSTYHvT5&jobnum=9512&func=insertJobOut&jobout=%2Fexport%2Fgenome_data%2Fexample_run%2Fscripts%2FstepAlignmentCounttophat.bash%3Cbr%3EDATA%3Ausername%3Ddocker%26amp%3Bwkey%3DVQMfXYCw8H0lZCpLGbyZvwtSTYHvT5%26amp%3Bservicename%3DstepAlignmentCounttophat%26amp%3Bresult%3D2%26amp%3Bfunc%3DupdateJob%26amp%3Bfield%3Dstart_time%26amp%3Bjobnum%3D9512%26amp%3Bjobname%3DstepAlignmentCounttophat%3Cbr%3ERESULT%5B0%5D%3A%5Btrue%5D%3Cbr%3EDATA%3Ausername%3Ddocker%26amp%3Bwkey%3DVQMfXYCw8H0lZCpLGbyZvwtSTYHvT5%26amp%3Bservicename%3DstepAlignmentCounttophat%26amp%3Bfunc%3DcheckAllJobsFinished%3Cbr%3ERESULT%5B0%5D%3A%5B0%5D%3Cbr%3E%5B0%5D
01/03/2017 09:42:41 PM RESULT[0]:[true]
01/03/2017 09:42:41 PM jobnum:9512:True
01/03/2017 09:42:41 PM DATA:username=docker&wkey=VQMfXYCw8H0lZCpLGbyZvwtSTYHvT5&servicename=stepAlignmentCounttophat&func=checkAllJobsFinished
01/03/2017 09:42:47 PM RESULT[0]:[1]
01/03/2017 09:42:47 PM stepAlignmentCounttophat:1
01/03/2017 09:42:47 PM 

Check if All JOBS finished
res:None wkey:VQMfXYCw8H0lZCpLGbyZvwtSTYHvT5 servicename:stepAlignmentCounttophat
