01/03/2017 10:28:20 PM File Path:/mac/dolphin-tools/src
01/03/2017 10:28:20 PM WKEY:kGwU8f4YSSbSTNsMt3c57DRiqtqBFG
01/03/2017 10:28:20 PM TYPE:dbSubmitJob
01/03/2017 10:28:20 PM DATA:username=docker&wkey=kGwU8f4YSSbSTNsMt3c57DRiqtqBFG&servicename=stepCheck&result=1&func=insertJob&com=python+%2Fusr%2Flocal%2Fshare%2Fdolphin_tools%2Fsrc%2FrunJobs.py+-u+docker+-s+stepCheck+-k+kGwU8f4YSSbSTNsMt3c57DRiqtqBFG+-o+%2Fexport%2Fgenome_data%2Fexample_run+-n+stepCheckcontrol_rep1.2+-c+%5C%22zcat+%2Fexport%2Fgenome_data%2Fprocess%2Fcontrol_rep1.2.fastq.gz++%3E+%2Fexport%2Fgenome_data%2Fexample_run%2Finput%2Fcontrol_rep1.2.fastq%5C%22+&jobnum=10150&resources=None&jobname=stepCheckcontrol_rep1.2
01/03/2017 10:28:21 PM File Path:/mac/dolphin-tools/src
01/03/2017 10:28:21 PM WKEY:kGwU8f4YSSbSTNsMt3c57DRiqtqBFG
01/03/2017 10:28:21 PM TYPE:dbSetStartTime
01/03/2017 10:28:21 PM DATA:username=docker&wkey=kGwU8f4YSSbSTNsMt3c57DRiqtqBFG&servicename=stepCheck&result=2&func=updateJob&field=start_time&jobnum=10150&jobname=stepCheckcontrol_rep1.2
01/03/2017 10:28:26 PM RESULT[0]:[true]
01/03/2017 10:28:26 PM INSERTstepCheckcontrol_rep1.2:True
01/03/2017 10:28:26 PM 

Insert Job => SUBMIT JOB:
res:None wkey:kGwU8f4YSSbSTNsMt3c57DRiqtqBFG servicename:stepCheck jobnum:10150


01/03/2017 10:28:26 PM DATA:username=docker&wkey=kGwU8f4YSSbSTNsMt3c57DRiqtqBFG&servicename=stepCheck&func=checkAllJobsFinished
01/03/2017 10:28:26 PM RESULT[0]:[true]
01/03/2017 10:28:26 PM UPDATEstepCheckcontrol_rep1.2:True
01/03/2017 10:28:26 PM 

Update Job => START JOB:
res:None wkey:kGwU8f4YSSbSTNsMt3c57DRiqtqBFG servicename:stepCheck jobnum:10150


01/03/2017 10:28:26 PM DATA:username=docker&wkey=kGwU8f4YSSbSTNsMt3c57DRiqtqBFG&servicename=stepCheck&func=checkAllJobsFinished
01/03/2017 10:28:31 PM RESULT[0]:[0]
01/03/2017 10:28:31 PM stepCheck:0
01/03/2017 10:28:31 PM 

Check if All JOBS finished
res:None wkey:kGwU8f4YSSbSTNsMt3c57DRiqtqBFG servicename:stepCheck
01/03/2017 10:28:31 PM RESULT[0]:[0]
01/03/2017 10:28:31 PM stepCheck:0
01/03/2017 10:28:31 PM 

Check if All JOBS finished
res:None wkey:kGwU8f4YSSbSTNsMt3c57DRiqtqBFG servicename:stepCheck
01/03/2017 10:28:31 PM File Path:/mac/dolphin-tools/src
01/03/2017 10:28:31 PM WKEY:kGwU8f4YSSbSTNsMt3c57DRiqtqBFG
01/03/2017 10:28:31 PM TYPE:dbSetEndTime
01/03/2017 10:28:31 PM DATA:username=docker&wkey=kGwU8f4YSSbSTNsMt3c57DRiqtqBFG&servicename=stepCheck&result=3&func=updateJob&field=end_time&jobnum=10150&jobname=stepCheckcontrol_rep1.2
01/03/2017 10:28:37 PM RESULT[0]:[true]
01/03/2017 10:28:37 PM UPDATEstepCheckcontrol_rep1.2:True
01/03/2017 10:28:37 PM 

Update Job => END JOB:
res:None wkey:kGwU8f4YSSbSTNsMt3c57DRiqtqBFG servicename:stepCheck jobnum:10150


01/03/2017 10:28:37 PM DATA:username=docker&wkey=kGwU8f4YSSbSTNsMt3c57DRiqtqBFG&jobnum=10150&func=insertJobOut&jobout=zcat+%2Fexport%2Fgenome_data%2Fprocess%2Fcontrol_rep1.2.fastq.gz++%26gt%3B+%2Fexport%2Fgenome_data%2Fexample_run%2Finput%2Fcontrol_rep1.2.fastq%3Cbr%3EDATA%3Ausername%3Ddocker%26amp%3Bwkey%3DkGwU8f4YSSbSTNsMt3c57DRiqtqBFG%26amp%3Bservicename%3DstepCheck%26amp%3Bresult%3D2%26amp%3Bfunc%3DupdateJob%26amp%3Bfield%3Dstart_time%26amp%3Bjobnum%3D10150%26amp%3Bjobname%3DstepCheckcontrol_rep1.2%3Cbr%3ERESULT%5B0%5D%3A%5Btrue%5D%3Cbr%3EDATA%3Ausername%3Ddocker%26amp%3Bwkey%3DkGwU8f4YSSbSTNsMt3c57DRiqtqBFG%26amp%3Bservicename%3DstepCheck%26amp%3Bfunc%3DcheckAllJobsFinished%3Cbr%3ERESULT%5B0%5D%3A%5B0%5D%3Cbr%3E%5B0%5D
01/03/2017 10:28:38 PM RESULT[0]:[true]
01/03/2017 10:28:38 PM jobnum:10150:True
01/03/2017 10:28:38 PM DATA:username=docker&wkey=kGwU8f4YSSbSTNsMt3c57DRiqtqBFG&servicename=stepCheck&func=checkAllJobsFinished
01/03/2017 10:28:43 PM RESULT[0]:[0]
01/03/2017 10:28:43 PM stepCheck:0
01/03/2017 10:28:43 PM 

Check if All JOBS finished
res:None wkey:kGwU8f4YSSbSTNsMt3c57DRiqtqBFG servicename:stepCheck
