01/03/2017 09:36:24 PM File Path:/mac/dolphin-tools/src
01/03/2017 09:36:24 PM WKEY:VQMfXYCw8H0lZCpLGbyZvwtSTYHvT5
01/03/2017 09:36:24 PM TYPE:dbSubmitJob
01/03/2017 09:36:24 PM DATA:username=docker&wkey=VQMfXYCw8H0lZCpLGbyZvwtSTYHvT5&servicename=stepCheck&result=1&func=insertJob&com=python+%2Fusr%2Flocal%2Fshare%2Fdolphin_tools%2Fsrc%2FrunJobs.py+-u+docker+-s+stepCheck+-k+VQMfXYCw8H0lZCpLGbyZvwtSTYHvT5+-o+%2Fexport%2Fgenome_data%2Fexample_run+-n+stepCheckcontrol_rep1.2+-c+%5C%22zcat+%2Fexport%2Fgenome_data%2Fprocess%2Fcontrol_rep1.2.fastq.gz++%3E+%2Fexport%2Fgenome_data%2Fexample_run%2Finput%2Fcontrol_rep1.2.fastq%5C%22+&jobnum=9198&resources=None&jobname=stepCheckcontrol_rep1.2
01/03/2017 09:36:25 PM File Path:/mac/dolphin-tools/src
01/03/2017 09:36:25 PM WKEY:VQMfXYCw8H0lZCpLGbyZvwtSTYHvT5
01/03/2017 09:36:25 PM TYPE:dbSetStartTime
01/03/2017 09:36:25 PM DATA:username=docker&wkey=VQMfXYCw8H0lZCpLGbyZvwtSTYHvT5&servicename=stepCheck&result=2&func=updateJob&field=start_time&jobnum=9198&jobname=stepCheckcontrol_rep1.2
01/03/2017 09:36:30 PM RESULT[0]:[true]
01/03/2017 09:36:30 PM INSERTstepCheckcontrol_rep1.2:True
01/03/2017 09:36:30 PM 

Insert Job => SUBMIT JOB:
res:None wkey:VQMfXYCw8H0lZCpLGbyZvwtSTYHvT5 servicename:stepCheck jobnum:9198


01/03/2017 09:36:30 PM DATA:username=docker&wkey=VQMfXYCw8H0lZCpLGbyZvwtSTYHvT5&servicename=stepCheck&func=checkAllJobsFinished
01/03/2017 09:36:30 PM RESULT[0]:[true]
01/03/2017 09:36:30 PM UPDATEstepCheckcontrol_rep1.2:True
01/03/2017 09:36:30 PM 

Update Job => START JOB:
res:None wkey:VQMfXYCw8H0lZCpLGbyZvwtSTYHvT5 servicename:stepCheck jobnum:9198


01/03/2017 09:36:30 PM DATA:username=docker&wkey=VQMfXYCw8H0lZCpLGbyZvwtSTYHvT5&servicename=stepCheck&func=checkAllJobsFinished
01/03/2017 09:36:35 PM RESULT[0]:[0]
01/03/2017 09:36:35 PM stepCheck:0
01/03/2017 09:36:35 PM 

Check if All JOBS finished
res:None wkey:VQMfXYCw8H0lZCpLGbyZvwtSTYHvT5 servicename:stepCheck
01/03/2017 09:36:35 PM RESULT[0]:[0]
01/03/2017 09:36:35 PM stepCheck:0
01/03/2017 09:36:35 PM 

Check if All JOBS finished
res:None wkey:VQMfXYCw8H0lZCpLGbyZvwtSTYHvT5 servicename:stepCheck
01/03/2017 09:36:35 PM File Path:/mac/dolphin-tools/src
01/03/2017 09:36:35 PM WKEY:VQMfXYCw8H0lZCpLGbyZvwtSTYHvT5
01/03/2017 09:36:35 PM TYPE:dbSetEndTime
01/03/2017 09:36:35 PM DATA:username=docker&wkey=VQMfXYCw8H0lZCpLGbyZvwtSTYHvT5&servicename=stepCheck&result=3&func=updateJob&field=end_time&jobnum=9198&jobname=stepCheckcontrol_rep1.2
01/03/2017 09:36:41 PM RESULT[0]:[true]
01/03/2017 09:36:41 PM UPDATEstepCheckcontrol_rep1.2:True
01/03/2017 09:36:41 PM 

Update Job => END JOB:
res:None wkey:VQMfXYCw8H0lZCpLGbyZvwtSTYHvT5 servicename:stepCheck jobnum:9198


01/03/2017 09:36:41 PM DATA:username=docker&wkey=VQMfXYCw8H0lZCpLGbyZvwtSTYHvT5&jobnum=9198&func=insertJobOut&jobout=zcat+%2Fexport%2Fgenome_data%2Fprocess%2Fcontrol_rep1.2.fastq.gz++%26gt%3B+%2Fexport%2Fgenome_data%2Fexample_run%2Finput%2Fcontrol_rep1.2.fastq%3Cbr%3EDATA%3Ausername%3Ddocker%26amp%3Bwkey%3DVQMfXYCw8H0lZCpLGbyZvwtSTYHvT5%26amp%3Bservicename%3DstepCheck%26amp%3Bresult%3D2%26amp%3Bfunc%3DupdateJob%26amp%3Bfield%3Dstart_time%26amp%3Bjobnum%3D9198%26amp%3Bjobname%3DstepCheckcontrol_rep1.2%3Cbr%3ERESULT%5B0%5D%3A%5Btrue%5D%3Cbr%3EDATA%3Ausername%3Ddocker%26amp%3Bwkey%3DVQMfXYCw8H0lZCpLGbyZvwtSTYHvT5%26amp%3Bservicename%3DstepCheck%26amp%3Bfunc%3DcheckAllJobsFinished%3Cbr%3ERESULT%5B0%5D%3A%5B0%5D%3Cbr%3E%5B0%5D
01/03/2017 09:36:42 PM RESULT[0]:[true]
01/03/2017 09:36:42 PM jobnum:9198:True
01/03/2017 09:36:42 PM DATA:username=docker&wkey=VQMfXYCw8H0lZCpLGbyZvwtSTYHvT5&servicename=stepCheck&func=checkAllJobsFinished
01/03/2017 09:36:47 PM RESULT[0]:[0]
01/03/2017 09:36:47 PM stepCheck:0
01/03/2017 09:36:47 PM 

Check if All JOBS finished
res:None wkey:VQMfXYCw8H0lZCpLGbyZvwtSTYHvT5 servicename:stepCheck
