segment_juncs v2.0.12 (4238:4275M)
---------------------------
[samopen] SAM header is present: 2 sequences.
Loading reference sequences...
	Loading chr7...done
	Loading chr16...done
	Loading ...done
>> Performing segment-search:
	found 0 potential split-segment junctions
	found 0 potential small deletions
	found 0 potential small insertions
>> Performing coverage-search:
 Map covers 244738 bases
 Map covers 240122 bases in sufficiently long segments
 Map contains 4587 good islands
 228901 are left looking bases
 228716 are right looking bases
Collecting potential splice sites in islands
reporting synthetic splice junctions...
Examining donor-acceptor pairings in chr16
Examining donor-acceptor pairings in chr7
	found 1 potential junctions
Reported 1 total potential splices
Reporting 0 potential deletions...
Reporting 0 potential insertions...
Reporting potential fusions...
